#
# There is insufficient memory for the Java Runtime Environment to continue.
# Native memory allocation (mmap) failed to map 65536 bytes for Failed to commit metaspace.
# Possible reasons:
#   The system is out of physical RAM or swap space
#   The process is running with CompressedOops enabled, and the Java Heap may be blocking the growth of the native heap
# Possible solutions:
#   Reduce memory load on the system
#   Increase physical memory or swap space
#   Check if swap backing store is full
#   Decrease Java heap size (-Xmx/-Xms)
#   Decrease number of Java threads
#   Decrease Java thread stack sizes (-Xss)
#   Set larger code cache with -XX:ReservedCodeCacheSize=
#   JVM is running with Unscaled Compressed Oops mode in which the Java heap is
#     placed in the first 4GB address space. The Java Heap base address is the
#     maximum limit for the native heap growth. Please use -XX:HeapBaseMinAddress
#     to set the Java Heap base and to place the Java Heap above 4GB virtual address.
# This output file may be truncated or incomplete.
#
#  Out of Memory Error (virtualSpaceNode.cpp:108), pid=29040, tid=29396
#
# JRE version: Java(TM) SE Runtime Environment (16.0.2+7) (build 16.0.2+7-67)
# Java VM: Java HotSpot(TM) 64-Bit Server VM (16.0.2+7-67, mixed mode, sharing, tiered, compressed oops, compressed class ptrs, g1 gc, windows-amd64)
# No core dump will be written. Minidumps are not enabled by default on client versions of Windows
#

---------------  S U M M A R Y ------------

Command Line: -Dfile.encoding=Cp1252 -XX:+ShowCodeDetailsInExceptionMessages parking.lot.management.system.Dashboard

Host: 11th Gen Intel(R) Core(TM) i5-1135G7 @ 2.40GHz, 8 cores, 7G,  Windows 10 , 64 bit Build 19041 (10.0.19041.1202)
Time: Sun Oct 24 17:06:32 2021 India Standard Time elapsed time: 0.256556 seconds (0d 0h 0m 0s)

---------------  T H R E A D  ---------------

Current thread (0x000001cc12137990):  JavaThread "main" [_thread_in_vm, id=29396, stack(0x000000abaad00000,0x000000abaae00000)]

Stack: [0x000000abaad00000,0x000000abaae00000]
Native frames: (J=compiled Java code, j=interpreted, Vv=VM code, C=native code)
V  [jvm.dll+0x6681ca]
V  [jvm.dll+0x7c9e69]
V  [jvm.dll+0x7cb61e]
V  [jvm.dll+0x7cbc73]
V  [jvm.dll+0x242c55]
V  [jvm.dll+0x7c64eb]
V  [jvm.dll+0x60ddd6]
V  [jvm.dll+0x60de3a]
V  [jvm.dll+0x61046a]
V  [jvm.dll+0x60e6d1]
V  [jvm.dll+0x23709f]
V  [jvm.dll+0x618d55]
V  [jvm.dll+0x1e97ef]
V  [jvm.dll+0x1e9d25]
V  [jvm.dll+0x1ea8af]
V  [jvm.dll+0x1df631]
V  [jvm.dll+0x535ff8]
V  [jvm.dll+0x1f0d52]
V  [jvm.dll+0x741863]
V  [jvm.dll+0x743108]
V  [jvm.dll+0x743433]
V  [jvm.dll+0x406499]
V  [jvm.dll+0x3e207f]
C  [awt.dll+0x38e8d]

Java frames: (J=compiled Java code, j=interpreted, Vv=VM code)
j  sun.java2d.loops.GraphicsPrimitiveMgr.initIDs(Ljava/lang/Class;Ljava/lang/Class;Ljava/lang/Class;Ljava/lang/Class;Ljava/lang/Class;Ljava/lang/Class;Ljava/lang/Class;Ljava/lang/Class;Ljava/lang/Class;Ljava/lang/Class;Ljava/lang/Class;)V+0 java.desktop@16.0.2
j  sun.java2d.loops.GraphicsPrimitiveMgr.<clinit>()V+26 java.desktop@16.0.2
v  ~StubRoutines::call_stub
j  sun.java2d.loops.Blit.<clinit>()V+36 java.desktop@16.0.2
v  ~StubRoutines::call_stub
j  sun.java2d.windows.GDIWindowSurfaceData.<clinit>()V+72 java.desktop@16.0.2
v  ~StubRoutines::call_stub
j  sun.awt.Win32GraphicsConfig.createSurfaceData(Lsun/awt/windows/WComponentPeer;I)Lsun/java2d/SurfaceData;+1 java.desktop@16.0.2
j  sun.java2d.ScreenUpdateManager.createScreenSurface(Lsun/awt/Win32GraphicsConfig;Lsun/awt/windows/WComponentPeer;IZ)Lsun/java2d/SurfaceData;+3 java.desktop@16.0.2
j  sun.java2d.d3d.D3DScreenUpdateManager.createScreenSurface(Lsun/awt/Win32GraphicsConfig;Lsun/awt/windows/WComponentPeer;IZ)Lsun/java2d/SurfaceData;+20 java.desktop@16.0.2
j  sun.awt.windows.WComponentPeer.createScreenSurface(Z)V+21 java.desktop@16.0.2
j  sun.awt.windows.WComponentPeer.<init>(Ljava/awt/Component;)V+79 java.desktop@16.0.2
j  sun.awt.windows.WCanvasPeer.<init>(Ljava/awt/Component;)V+2 java.desktop@16.0.2
j  sun.awt.windows.WPanelPeer.<init>(Ljava/awt/Component;)V+2 java.desktop@16.0.2
j  sun.awt.windows.WWindowPeer.<init>(Ljava/awt/Window;)V+2 java.desktop@16.0.2
j  sun.awt.windows.WFramePeer.<init>(Ljava/awt/Frame;)V+2 java.desktop@16.0.2
j  sun.awt.windows.WToolkit.createFrame(Ljava/awt/Frame;)Ljava/awt/peer/FramePeer;+5 java.desktop@16.0.2
j  java.awt.Frame.addNotify()V+20 java.desktop@16.0.2
j  java.awt.Window.show()V+8 java.desktop@16.0.2
j  java.awt.Component.show(Z)V+5 java.desktop@16.0.2
j  java.awt.Component.setVisible(Z)V+2 java.desktop@16.0.2
j  java.awt.Window.setVisible(Z)V+2 java.desktop@16.0.2
j  parking.lot.management.system.Dashboard.<init>()V+427
j  parking.lot.management.system.Dashboard.main([Ljava/lang/String;)V+4
v  ~StubRoutines::call_stub

---------------  P R O C E S S  ---------------

Threads class SMR info:
_java_thread_list=0x000001cc32c769e0, length=17, elements={
0x000001cc12137990, 0x000001cc31ee1f10, 0x000001cc31ee2820, 0x000001cc31ef5e40,
0x000001cc31ef8760, 0x000001cc31efb080, 0x000001cc31efbfa0, 0x000001cc31f00190,
0x000001cc31f08ba0, 0x000001cc31f15140, 0x000001cc329cc970, 0x000001cc329d4fe0,
0x000001cc32b9e230, 0x000001cc32b9e750, 0x000001cc32be2480, 0x000001cc32c71150,
0x000001cc32c83ee0
}

Java Threads: ( => current thread )
=>0x000001cc12137990 JavaThread "main" [_thread_in_vm, id=29396, stack(0x000000abaad00000,0x000000abaae00000)]
  0x000001cc31ee1f10 JavaThread "Reference Handler" daemon [_thread_blocked, id=13212, stack(0x000000abab400000,0x000000abab500000)]
  0x000001cc31ee2820 JavaThread "Finalizer" daemon [_thread_blocked, id=28748, stack(0x000000abab500000,0x000000abab600000)]
  0x000001cc31ef5e40 JavaThread "Signal Dispatcher" daemon [_thread_blocked, id=29360, stack(0x000000abab600000,0x000000abab700000)]
  0x000001cc31ef8760 JavaThread "Attach Listener" daemon [_thread_blocked, id=28452, stack(0x000000abab700000,0x000000abab800000)]
  0x000001cc31efb080 JavaThread "Service Thread" daemon [_thread_blocked, id=12320, stack(0x000000abab800000,0x000000abab900000)]
  0x000001cc31efbfa0 JavaThread "Monitor Deflation Thread" daemon [_thread_blocked, id=30620, stack(0x000000abab900000,0x000000ababa00000)]
  0x000001cc31f00190 JavaThread "C2 CompilerThread0" daemon [_thread_blocked, id=11996, stack(0x000000ababa00000,0x000000ababb00000)]
  0x000001cc31f08ba0 JavaThread "C1 CompilerThread0" daemon [_thread_blocked, id=19804, stack(0x000000ababb00000,0x000000ababc00000)]
  0x000001cc31f15140 JavaThread "Sweeper thread" daemon [_thread_blocked, id=30336, stack(0x000000ababc00000,0x000000ababd00000)]
  0x000001cc329cc970 JavaThread "Notification Thread" daemon [_thread_blocked, id=28732, stack(0x000000ababd00000,0x000000ababe00000)]
  0x000001cc329d4fe0 JavaThread "Common-Cleaner" daemon [_thread_blocked, id=11208, stack(0x000000ababf00000,0x000000abac000000)]
  0x000001cc32b9e230 JavaThread "Java2D Disposer" daemon [_thread_blocked, id=28736, stack(0x000000abac000000,0x000000abac100000)]
  0x000001cc32b9e750 JavaThread "AWT-Shutdown" [_thread_blocked, id=10480, stack(0x000000abac100000,0x000000abac200000)]
  0x000001cc32be2480 JavaThread "AWT-Windows" daemon [_thread_in_native, id=29036, stack(0x000000abac200000,0x000000abac300000)]
  0x000001cc32c71150 JavaThread "Image Fetcher 0" daemon [_thread_blocked, id=29664, stack(0x000000abac300000,0x000000abac400000)]
  0x000001cc32c83ee0 JavaThread "AWT-EventQueue-0" [_thread_blocked, id=29024, stack(0x000000abac400000,0x000000abac500000)]

Other Threads:
  0x000001cc31ede610 VMThread "VM Thread" [stack: 0x000000abab300000,0x000000abab400000] [id=29660]
  0x000001cc329cecd0 WatcherThread [stack: 0x000000ababe00000,0x000000ababf00000] [id=29648]
  0x000001cc121774c0 GCTaskThread "GC Thread#0" [stack: 0x000000abaae00000,0x000000abaaf00000] [id=30452]
  0x000001cc12188b60 ConcurrentGCThread "G1 Main Marker" [stack: 0x000000abaaf00000,0x000000abab000000] [id=14876]
  0x000001cc12189d00 ConcurrentGCThread "G1 Conc#0" [stack: 0x000000abab000000,0x000000abab100000] [id=30036]
  0x000001cc31d80090 ConcurrentGCThread "G1 Refine#0" [stack: 0x000000abab100000,0x000000abab200000] [id=5536]
  0x000001cc31d81930 ConcurrentGCThread "G1 Service" [stack: 0x000000abab200000,0x000000abab300000] [id=28796]

Threads with active compile tasks:

VM state: not at safepoint (normal execution)

VM Mutex/Monitor currently owned by a thread:  ([mutex/lock_event])
[0x000001cc12133330] MetaspaceExpand_lock - owner thread: 0x000001cc12137990

Heap address: 0x0000000084e00000, size: 1970 MB, Compressed Oops mode: 32-bit

CDS archive(s) mapped at: [0x0000000800000000-0x0000000800bb0000-0x0000000800bb0000), size 12255232, SharedBaseAddress: 0x0000000800000000, ArchiveRelocationMode: 0.
Compressed class space mapped at: 0x0000000800c00000-0x0000000840c00000, reserved size: 1073741824
Narrow klass base: 0x0000000800000000, Narrow klass shift: 3, Narrow klass range: 0x100000000

GC Precious Log:
 CPUs: 8 total, 8 available
 Memory: 7874M
 Large Page Support: Disabled
 NUMA Support: Disabled
 Compressed Oops: Enabled (32-bit)
 Heap Region Size: 1M
 Heap Min Capacity: 8M
 Heap Initial Capacity: 124M
 Heap Max Capacity: 1970M
 Pre-touch: Disabled
 Parallel Workers: 8
 Concurrent Workers: 2
 Concurrent Refinement Workers: 8
 Periodic GC: Disabled

Heap:
 garbage-first heap   total 126976K, used 25600K [0x0000000084e00000, 0x0000000100000000)
  region size 1024K, 16 young (16384K), 0 survivors (0K)
 Metaspace       used 5736K, committed 5888K, reserved 1056768K
  class space    used 601K, committed 704K, reserved 1048576K

Heap Regions: E=young(eden), S=young(survivor), O=old, HS=humongous(starts), HC=humongous(continues), CS=collection set, F=free, OA=open archive, CA=closed archive, TAMS=top-at-mark-start (previous, next)
|   0|0x0000000084e00000, 0x0000000084f00000, 0x0000000084f00000|100%|HS|  |TAMS 0x0000000084e00000, 0x0000000084e00000| Complete 
|   1|0x0000000084f00000, 0x0000000085000000, 0x0000000085000000|100%|HC|  |TAMS 0x0000000084f00000, 0x0000000084f00000| Complete 
|   2|0x0000000085000000, 0x0000000085100000, 0x0000000085100000|100%|HC|  |TAMS 0x0000000085000000, 0x0000000085000000| Complete 
|   3|0x0000000085100000, 0x0000000085200000, 0x0000000085200000|100%|HC|  |TAMS 0x0000000085100000, 0x0000000085100000| Complete 
|   4|0x0000000085200000, 0x0000000085300000, 0x0000000085300000|100%|HC|  |TAMS 0x0000000085200000, 0x0000000085200000| Complete 
|   5|0x0000000085300000, 0x0000000085400000, 0x0000000085400000|100%|HS|  |TAMS 0x0000000085300000, 0x0000000085300000| Complete 
|   6|0x0000000085400000, 0x0000000085500000, 0x0000000085500000|100%|HC|  |TAMS 0x0000000085400000, 0x0000000085400000| Complete 
|   7|0x0000000085500000, 0x0000000085600000, 0x0000000085600000|100%|HC|  |TAMS 0x0000000085500000, 0x0000000085500000| Complete 
|   8|0x0000000085600000, 0x0000000085700000, 0x0000000085700000|100%|HC|  |TAMS 0x0000000085600000, 0x0000000085600000| Complete 
|   9|0x0000000085700000, 0x0000000085800000, 0x0000000085800000|100%|HC|  |TAMS 0x0000000085700000, 0x0000000085700000| Complete 
|  10|0x0000000085800000, 0x0000000085800000, 0x0000000085900000|  0%| F|  |TAMS 0x0000000085800000, 0x0000000085800000| Untracked 
|  11|0x0000000085900000, 0x0000000085900000, 0x0000000085a00000|  0%| F|  |TAMS 0x0000000085900000, 0x0000000085900000| Untracked 
|  12|0x0000000085a00000, 0x0000000085a00000, 0x0000000085b00000|  0%| F|  |TAMS 0x0000000085a00000, 0x0000000085a00000| Untracked 
|  13|0x0000000085b00000, 0x0000000085b00000, 0x0000000085c00000|  0%| F|  |TAMS 0x0000000085b00000, 0x0000000085b00000| Untracked 
|  14|0x0000000085c00000, 0x0000000085c00000, 0x0000000085d00000|  0%| F|  |TAMS 0x0000000085c00000, 0x0000000085c00000| Untracked 
|  15|0x0000000085d00000, 0x0000000085d00000, 0x0000000085e00000|  0%| F|  |TAMS 0x0000000085d00000, 0x0000000085d00000| Untracked 
|  16|0x0000000085e00000, 0x0000000085e00000, 0x0000000085f00000|  0%| F|  |TAMS 0x0000000085e00000, 0x0000000085e00000| Untracked 
|  17|0x0000000085f00000, 0x0000000085f00000, 0x0000000086000000|  0%| F|  |TAMS 0x0000000085f00000, 0x0000000085f00000| Untracked 
|  18|0x0000000086000000, 0x0000000086000000, 0x0000000086100000|  0%| F|  |TAMS 0x0000000086000000, 0x0000000086000000| Untracked 
|  19|0x0000000086100000, 0x0000000086100000, 0x0000000086200000|  0%| F|  |TAMS 0x0000000086100000, 0x0000000086100000| Untracked 
|  20|0x0000000086200000, 0x0000000086200000, 0x0000000086300000|  0%| F|  |TAMS 0x0000000086200000, 0x0000000086200000| Untracked 
|  21|0x0000000086300000, 0x0000000086300000, 0x0000000086400000|  0%| F|  |TAMS 0x0000000086300000, 0x0000000086300000| Untracked 
|  22|0x0000000086400000, 0x0000000086400000, 0x0000000086500000|  0%| F|  |TAMS 0x0000000086400000, 0x0000000086400000| Untracked 
|  23|0x0000000086500000, 0x0000000086500000, 0x0000000086600000|  0%| F|  |TAMS 0x0000000086500000, 0x0000000086500000| Untracked 
|  24|0x0000000086600000, 0x0000000086600000, 0x0000000086700000|  0%| F|  |TAMS 0x0000000086600000, 0x0000000086600000| Untracked 
|  25|0x0000000086700000, 0x0000000086700000, 0x0000000086800000|  0%| F|  |TAMS 0x0000000086700000, 0x0000000086700000| Untracked 
|  26|0x0000000086800000, 0x0000000086800000, 0x0000000086900000|  0%| F|  |TAMS 0x0000000086800000, 0x0000000086800000| Untracked 
|  27|0x0000000086900000, 0x0000000086900000, 0x0000000086a00000|  0%| F|  |TAMS 0x0000000086900000, 0x0000000086900000| Untracked 
|  28|0x0000000086a00000, 0x0000000086a00000, 0x0000000086b00000|  0%| F|  |TAMS 0x0000000086a00000, 0x0000000086a00000| Untracked 
|  29|0x0000000086b00000, 0x0000000086b00000, 0x0000000086c00000|  0%| F|  |TAMS 0x0000000086b00000, 0x0000000086b00000| Untracked 
|  30|0x0000000086c00000, 0x0000000086c00000, 0x0000000086d00000|  0%| F|  |TAMS 0x0000000086c00000, 0x0000000086c00000| Untracked 
|  31|0x0000000086d00000, 0x0000000086d00000, 0x0000000086e00000|  0%| F|  |TAMS 0x0000000086d00000, 0x0000000086d00000| Untracked 
|  32|0x0000000086e00000, 0x0000000086e00000, 0x0000000086f00000|  0%| F|  |TAMS 0x0000000086e00000, 0x0000000086e00000| Untracked 
|  33|0x0000000086f00000, 0x0000000086f00000, 0x0000000087000000|  0%| F|  |TAMS 0x0000000086f00000, 0x0000000086f00000| Untracked 
|  34|0x0000000087000000, 0x0000000087000000, 0x0000000087100000|  0%| F|  |TAMS 0x0000000087000000, 0x0000000087000000| Untracked 
|  35|0x0000000087100000, 0x0000000087100000, 0x0000000087200000|  0%| F|  |TAMS 0x0000000087100000, 0x0000000087100000| Untracked 
|  36|0x0000000087200000, 0x0000000087200000, 0x0000000087300000|  0%| F|  |TAMS 0x0000000087200000, 0x0000000087200000| Untracked 
|  37|0x0000000087300000, 0x0000000087300000, 0x0000000087400000|  0%| F|  |TAMS 0x0000000087300000, 0x0000000087300000| Untracked 
|  38|0x0000000087400000, 0x0000000087400000, 0x0000000087500000|  0%| F|  |TAMS 0x0000000087400000, 0x0000000087400000| Untracked 
|  39|0x0000000087500000, 0x0000000087500000, 0x0000000087600000|  0%| F|  |TAMS 0x0000000087500000, 0x0000000087500000| Untracked 
|  40|0x0000000087600000, 0x0000000087600000, 0x0000000087700000|  0%| F|  |TAMS 0x0000000087600000, 0x0000000087600000| Untracked 
|  41|0x0000000087700000, 0x0000000087700000, 0x0000000087800000|  0%| F|  |TAMS 0x0000000087700000, 0x0000000087700000| Untracked 
|  42|0x0000000087800000, 0x0000000087800000, 0x0000000087900000|  0%| F|  |TAMS 0x0000000087800000, 0x0000000087800000| Untracked 
|  43|0x0000000087900000, 0x0000000087900000, 0x0000000087a00000|  0%| F|  |TAMS 0x0000000087900000, 0x0000000087900000| Untracked 
|  44|0x0000000087a00000, 0x0000000087a00000, 0x0000000087b00000|  0%| F|  |TAMS 0x0000000087a00000, 0x0000000087a00000| Untracked 
|  45|0x0000000087b00000, 0x0000000087b00000, 0x0000000087c00000|  0%| F|  |TAMS 0x0000000087b00000, 0x0000000087b00000| Untracked 
|  46|0x0000000087c00000, 0x0000000087c00000, 0x0000000087d00000|  0%| F|  |TAMS 0x0000000087c00000, 0x0000000087c00000| Untracked 
|  47|0x0000000087d00000, 0x0000000087d00000, 0x0000000087e00000|  0%| F|  |TAMS 0x0000000087d00000, 0x0000000087d00000| Untracked 
|  48|0x0000000087e00000, 0x0000000087e00000, 0x0000000087f00000|  0%| F|  |TAMS 0x0000000087e00000, 0x0000000087e00000| Untracked 
|  49|0x0000000087f00000, 0x0000000087f00000, 0x0000000088000000|  0%| F|  |TAMS 0x0000000087f00000, 0x0000000087f00000| Untracked 
|  50|0x0000000088000000, 0x0000000088000000, 0x0000000088100000|  0%| F|  |TAMS 0x0000000088000000, 0x0000000088000000| Untracked 
|  51|0x0000000088100000, 0x0000000088100000, 0x0000000088200000|  0%| F|  |TAMS 0x0000000088100000, 0x0000000088100000| Untracked 
|  52|0x0000000088200000, 0x0000000088200000, 0x0000000088300000|  0%| F|  |TAMS 0x0000000088200000, 0x0000000088200000| Untracked 
|  53|0x0000000088300000, 0x0000000088300000, 0x0000000088400000|  0%| F|  |TAMS 0x0000000088300000, 0x0000000088300000| Untracked 
|  54|0x0000000088400000, 0x0000000088400000, 0x0000000088500000|  0%| F|  |TAMS 0x0000000088400000, 0x0000000088400000| Untracked 
|  55|0x0000000088500000, 0x0000000088500000, 0x0000000088600000|  0%| F|  |TAMS 0x0000000088500000, 0x0000000088500000| Untracked 
|  56|0x0000000088600000, 0x0000000088600000, 0x0000000088700000|  0%| F|  |TAMS 0x0000000088600000, 0x0000000088600000| Untracked 
|  57|0x0000000088700000, 0x0000000088700000, 0x0000000088800000|  0%| F|  |TAMS 0x0000000088700000, 0x0000000088700000| Untracked 
|  58|0x0000000088800000, 0x0000000088800000, 0x0000000088900000|  0%| F|  |TAMS 0x0000000088800000, 0x0000000088800000| Untracked 
|  59|0x0000000088900000, 0x0000000088900000, 0x0000000088a00000|  0%| F|  |TAMS 0x0000000088900000, 0x0000000088900000| Untracked 
|  60|0x0000000088a00000, 0x0000000088a00000, 0x0000000088b00000|  0%| F|  |TAMS 0x0000000088a00000, 0x0000000088a00000| Untracked 
|  61|0x0000000088b00000, 0x0000000088b00000, 0x0000000088c00000|  0%| F|  |TAMS 0x0000000088b00000, 0x0000000088b00000| Untracked 
|  62|0x0000000088c00000, 0x0000000088c00000, 0x0000000088d00000|  0%| F|  |TAMS 0x0000000088c00000, 0x0000000088c00000| Untracked 
|  63|0x0000000088d00000, 0x0000000088d00000, 0x0000000088e00000|  0%| F|  |TAMS 0x0000000088d00000, 0x0000000088d00000| Untracked 
|  64|0x0000000088e00000, 0x0000000088e00000, 0x0000000088f00000|  0%| F|  |TAMS 0x0000000088e00000, 0x0000000088e00000| Untracked 
|  65|0x0000000088f00000, 0x0000000088f00000, 0x0000000089000000|  0%| F|  |TAMS 0x0000000088f00000, 0x0000000088f00000| Untracked 
|  66|0x0000000089000000, 0x0000000089000000, 0x0000000089100000|  0%| F|  |TAMS 0x0000000089000000, 0x0000000089000000| Untracked 
|  67|0x0000000089100000, 0x0000000089100000, 0x0000000089200000|  0%| F|  |TAMS 0x0000000089100000, 0x0000000089100000| Untracked 
|  68|0x0000000089200000, 0x0000000089200000, 0x0000000089300000|  0%| F|  |TAMS 0x0000000089200000, 0x0000000089200000| Untracked 
|  69|0x0000000089300000, 0x0000000089300000, 0x0000000089400000|  0%| F|  |TAMS 0x0000000089300000, 0x0000000089300000| Untracked 
|  70|0x0000000089400000, 0x0000000089400000, 0x0000000089500000|  0%| F|  |TAMS 0x0000000089400000, 0x0000000089400000| Untracked 
|  71|0x0000000089500000, 0x0000000089500000, 0x0000000089600000|  0%| F|  |TAMS 0x0000000089500000, 0x0000000089500000| Untracked 
|  72|0x0000000089600000, 0x0000000089600000, 0x0000000089700000|  0%| F|  |TAMS 0x0000000089600000, 0x0000000089600000| Untracked 
|  73|0x0000000089700000, 0x0000000089700000, 0x0000000089800000|  0%| F|  |TAMS 0x0000000089700000, 0x0000000089700000| Untracked 
|  74|0x0000000089800000, 0x0000000089800000, 0x0000000089900000|  0%| F|  |TAMS 0x0000000089800000, 0x0000000089800000| Untracked 
|  75|0x0000000089900000, 0x0000000089900000, 0x0000000089a00000|  0%| F|  |TAMS 0x0000000089900000, 0x0000000089900000| Untracked 
|  76|0x0000000089a00000, 0x0000000089a00000, 0x0000000089b00000|  0%| F|  |TAMS 0x0000000089a00000, 0x0000000089a00000| Untracked 
|  77|0x0000000089b00000, 0x0000000089b00000, 0x0000000089c00000|  0%| F|  |TAMS 0x0000000089b00000, 0x0000000089b00000| Untracked 
|  78|0x0000000089c00000, 0x0000000089c00000, 0x0000000089d00000|  0%| F|  |TAMS 0x0000000089c00000, 0x0000000089c00000| Untracked 
|  79|0x0000000089d00000, 0x0000000089d00000, 0x0000000089e00000|  0%| F|  |TAMS 0x0000000089d00000, 0x0000000089d00000| Untracked 
|  80|0x0000000089e00000, 0x0000000089e00000, 0x0000000089f00000|  0%| F|  |TAMS 0x0000000089e00000, 0x0000000089e00000| Untracked 
|  81|0x0000000089f00000, 0x0000000089f00000, 0x000000008a000000|  0%| F|  |TAMS 0x0000000089f00000, 0x0000000089f00000| Untracked 
|  82|0x000000008a000000, 0x000000008a000000, 0x000000008a100000|  0%| F|  |TAMS 0x000000008a000000, 0x000000008a000000| Untracked 
|  83|0x000000008a100000, 0x000000008a100000, 0x000000008a200000|  0%| F|  |TAMS 0x000000008a100000, 0x000000008a100000| Untracked 
|  84|0x000000008a200000, 0x000000008a200000, 0x000000008a300000|  0%| F|  |TAMS 0x000000008a200000, 0x000000008a200000| Untracked 
|  85|0x000000008a300000, 0x000000008a300000, 0x000000008a400000|  0%| F|  |TAMS 0x000000008a300000, 0x000000008a300000| Untracked 
|  86|0x000000008a400000, 0x000000008a400000, 0x000000008a500000|  0%| F|  |TAMS 0x000000008a400000, 0x000000008a400000| Untracked 
|  87|0x000000008a500000, 0x000000008a500000, 0x000000008a600000|  0%| F|  |TAMS 0x000000008a500000, 0x000000008a500000| Untracked 
|  88|0x000000008a600000, 0x000000008a600000, 0x000000008a700000|  0%| F|  |TAMS 0x000000008a600000, 0x000000008a600000| Untracked 
|  89|0x000000008a700000, 0x000000008a700000, 0x000000008a800000|  0%| F|  |TAMS 0x000000008a700000, 0x000000008a700000| Untracked 
|  90|0x000000008a800000, 0x000000008a800000, 0x000000008a900000|  0%| F|  |TAMS 0x000000008a800000, 0x000000008a800000| Untracked 
|  91|0x000000008a900000, 0x000000008a900000, 0x000000008aa00000|  0%| F|  |TAMS 0x000000008a900000, 0x000000008a900000| Untracked 
|  92|0x000000008aa00000, 0x000000008aa00000, 0x000000008ab00000|  0%| F|  |TAMS 0x000000008aa00000, 0x000000008aa00000| Untracked 
|  93|0x000000008ab00000, 0x000000008ab00000, 0x000000008ac00000|  0%| F|  |TAMS 0x000000008ab00000, 0x000000008ab00000| Untracked 
|  94|0x000000008ac00000, 0x000000008ac00000, 0x000000008ad00000|  0%| F|  |TAMS 0x000000008ac00000, 0x000000008ac00000| Untracked 
|  95|0x000000008ad00000, 0x000000008ad00000, 0x000000008ae00000|  0%| F|  |TAMS 0x000000008ad00000, 0x000000008ad00000| Untracked 
|  96|0x000000008ae00000, 0x000000008ae00000, 0x000000008af00000|  0%| F|  |TAMS 0x000000008ae00000, 0x000000008ae00000| Untracked 
|  97|0x000000008af00000, 0x000000008af00000, 0x000000008b000000|  0%| F|  |TAMS 0x000000008af00000, 0x000000008af00000| Untracked 
|  98|0x000000008b000000, 0x000000008b000000, 0x000000008b100000|  0%| F|  |TAMS 0x000000008b000000, 0x000000008b000000| Untracked 
|  99|0x000000008b100000, 0x000000008b100000, 0x000000008b200000|  0%| F|  |TAMS 0x000000008b100000, 0x000000008b100000| Untracked 
| 100|0x000000008b200000, 0x000000008b200000, 0x000000008b300000|  0%| F|  |TAMS 0x000000008b200000, 0x000000008b200000| Untracked 
| 101|0x000000008b300000, 0x000000008b300000, 0x000000008b400000|  0%| F|  |TAMS 0x000000008b300000, 0x000000008b300000| Untracked 
| 102|0x000000008b400000, 0x000000008b400000, 0x000000008b500000|  0%| F|  |TAMS 0x000000008b400000, 0x000000008b400000| Untracked 
| 103|0x000000008b500000, 0x000000008b500000, 0x000000008b600000|  0%| F|  |TAMS 0x000000008b500000, 0x000000008b500000| Untracked 
| 104|0x000000008b600000, 0x000000008b600000, 0x000000008b700000|  0%| F|  |TAMS 0x000000008b600000, 0x000000008b600000| Untracked 
| 105|0x000000008b700000, 0x000000008b700000, 0x000000008b800000|  0%| F|  |TAMS 0x000000008b700000, 0x000000008b700000| Untracked 
| 106|0x000000008b800000, 0x000000008b800000, 0x000000008b900000|  0%| F|  |TAMS 0x000000008b800000, 0x000000008b800000| Untracked 
| 107|0x000000008b900000, 0x000000008b900000, 0x000000008ba00000|  0%| F|  |TAMS 0x000000008b900000, 0x000000008b900000| Untracked 
| 108|0x000000008ba00000, 0x000000008ba76440, 0x000000008bb00000| 46%| E|  |TAMS 0x000000008ba00000, 0x000000008ba00000| Complete 
| 109|0x000000008bb00000, 0x000000008bc00000, 0x000000008bc00000|100%| E|CS|TAMS 0x000000008bb00000, 0x000000008bb00000| Complete 
| 110|0x000000008bc00000, 0x000000008bd00000, 0x000000008bd00000|100%| E|CS|TAMS 0x000000008bc00000, 0x000000008bc00000| Complete 
| 111|0x000000008bd00000, 0x000000008be00000, 0x000000008be00000|100%| E|CS|TAMS 0x000000008bd00000, 0x000000008bd00000| Complete 
| 112|0x000000008be00000, 0x000000008bf00000, 0x000000008bf00000|100%| E|CS|TAMS 0x000000008be00000, 0x000000008be00000| Complete 
| 113|0x000000008bf00000, 0x000000008c000000, 0x000000008c000000|100%| E|CS|TAMS 0x000000008bf00000, 0x000000008bf00000| Complete 
| 114|0x000000008c000000, 0x000000008c100000, 0x000000008c100000|100%| E|CS|TAMS 0x000000008c000000, 0x000000008c000000| Complete 
| 115|0x000000008c100000, 0x000000008c200000, 0x000000008c200000|100%| E|CS|TAMS 0x000000008c100000, 0x000000008c100000| Complete 
| 116|0x000000008c200000, 0x000000008c300000, 0x000000008c300000|100%| E|CS|TAMS 0x000000008c200000, 0x000000008c200000| Complete 
| 117|0x000000008c300000, 0x000000008c400000, 0x000000008c400000|100%| E|CS|TAMS 0x000000008c300000, 0x000000008c300000| Complete 
| 118|0x000000008c400000, 0x000000008c500000, 0x000000008c500000|100%| E|CS|TAMS 0x000000008c400000, 0x000000008c400000| Complete 
| 119|0x000000008c500000, 0x000000008c600000, 0x000000008c600000|100%| E|CS|TAMS 0x000000008c500000, 0x000000008c500000| Complete 
| 120|0x000000008c600000, 0x000000008c700000, 0x000000008c700000|100%| E|CS|TAMS 0x000000008c600000, 0x000000008c600000| Complete 
| 121|0x000000008c700000, 0x000000008c800000, 0x000000008c800000|100%| E|CS|TAMS 0x000000008c700000, 0x000000008c700000| Complete 
| 122|0x000000008c800000, 0x000000008c900000, 0x000000008c900000|100%| E|CS|TAMS 0x000000008c800000, 0x000000008c800000| Complete 
| 123|0x000000008c900000, 0x000000008ca00000, 0x000000008ca00000|100%| E|CS|TAMS 0x000000008c900000, 0x000000008c900000| Complete 

Card table byte_map: [0x000001cc2af10000,0x000001cc2b2f0000] _byte_map_base: 0x000001cc2aae9000

Marking Bits (Prev, Next): (CMBitMap*) 0x000001cc12178ad0, (CMBitMap*) 0x000001cc12178b10
 Prev Bits: [0x000001cc2b6d0000, 0x000001cc2d598000)
 Next Bits: [0x000001cc2d5a0000, 0x000001cc2f468000)

Polling page: 0x000001cc12220000

Metaspace:

Usage:
  Non-class:      5.01 MB used.
      Class:    601.33 KB used.
       Both:      5.60 MB used.

Virtual space:
  Non-class space:        8.00 MB reserved,       5.06 MB ( 63%) committed,  1 nodes.
      Class space:        1.00 GB reserved,     704.00 KB ( <1%) committed,  1 nodes.
              Both:        1.01 GB reserved,       5.75 MB ( <1%) committed. 

Chunk freelists:
   Non-Class:  2.89 MB
       Class:  3.24 MB
        Both:  6.13 MB

MaxMetaspaceSize: 17179869184.00 GB
CompressedClassSpaceSize: 1.00 GB
 - commit_granule_bytes: 65536.
 - commit_granule_words: 8192.
 - virtual_space_node_default_size: 1048576.
 - enlarge_chunks_in_place: 1.
 - new_chunks_are_fully_committed: 0.
 - uncommit_free_chunks: 1.
 - use_allocation_guard: 0.
 - handle_deallocations: 1.


Internal statistics:

num_allocs_failed_limit: 0.
num_arena_births: 104.
num_arena_deaths: 0.
num_vsnodes_births: 2.
num_vsnodes_deaths: 0.
num_space_committed: 92.
num_space_uncommitted: 0.
num_chunks_returned_to_freelist: 0.
num_chunks_taken_from_freelist: 123.
num_chunk_merges: 0.
num_chunk_splits: 80.
num_chunks_enlarged: 41.
num_purges: 0.

CodeHeap 'non-profiled nmethods': size=120000Kb used=185Kb max_used=185Kb free=119814Kb
 bounds [0x000001cc22ba0000, 0x000001cc22e10000, 0x000001cc2a0d0000]
CodeHeap 'profiled nmethods': size=120000Kb used=1107Kb max_used=1107Kb free=118892Kb
 bounds [0x000001cc1b670000, 0x000001cc1b8e0000, 0x000001cc22ba0000]
CodeHeap 'non-nmethods': size=5760Kb used=1241Kb max_used=1253Kb free=4518Kb
 bounds [0x000001cc1b0d0000, 0x000001cc1b340000, 0x000001cc1b670000]
 total_blobs=1206 nmethods=667 adapters=452
 compilation: enabled
              stopped_count=0, restarted_count=0
 full_count=0

Compilation events (20 events):
Event: 0.237 Thread 0x000001cc31f08ba0  658       3       java.lang.Integer::hashCode (2 bytes)
Event: 0.237 Thread 0x000001cc31f08ba0 nmethod 658 0x000001cc1b77e090 code [0x000001cc1b77e220, 0x000001cc1b77e318]
Event: 0.237 Thread 0x000001cc31f08ba0  656       3       java.lang.Integer::<init> (10 bytes)
Event: 0.237 Thread 0x000001cc31f00190  659       4       java.util.HashMap::putVal (300 bytes)
Event: 0.237 Thread 0x000001cc31f08ba0 nmethod 656 0x000001cc1b77e390 code [0x000001cc1b77e540, 0x000001cc1b77e718]
Event: 0.237 Thread 0x000001cc31f08ba0  657       3       java.lang.Integer::hashCode (8 bytes)
Event: 0.237 Thread 0x000001cc31f08ba0 nmethod 657 0x000001cc1b77e810 code [0x000001cc1b77e9c0, 0x000001cc1b77eb18]
Event: 0.238 Thread 0x000001cc31f08ba0  660       1       java.lang.Integer::intValue (5 bytes)
Event: 0.238 Thread 0x000001cc31f08ba0 nmethod 660 0x000001cc22bccc90 code [0x000001cc22bcce20, 0x000001cc22bccef8]
Event: 0.238 Thread 0x000001cc31f08ba0  661       3       java.lang.CharacterData::of (124 bytes)
Event: 0.238 Thread 0x000001cc31f08ba0 nmethod 661 0x000001cc1b77ec10 code [0x000001cc1b77ee40, 0x000001cc1b77f6d8]
Event: 0.242 Thread 0x000001cc31f08ba0  663       3       jdk.internal.org.objectweb.asm.MethodWriter::visitLabel (328 bytes)
Event: 0.242 Thread 0x000001cc31f08ba0 nmethod 663 0x000001cc1b77f910 code [0x000001cc1b77fb80, 0x000001cc1b780908]
Event: 0.242 Thread 0x000001cc31f08ba0  664       3       jdk.internal.org.objectweb.asm.SymbolTable::addTypeInternal (85 bytes)
Event: 0.242 Thread 0x000001cc31f08ba0 nmethod 664 0x000001cc1b780b90 code [0x000001cc1b780d80, 0x000001cc1b7813d8]
Event: 0.243 Thread 0x000001cc31f08ba0  665       3       java.lang.invoke.InnerClassLambdaMetafactory::getOpcodeOffset (38 bytes)
Event: 0.243 Thread 0x000001cc31f08ba0 nmethod 665 0x000001cc1b781590 code [0x000001cc1b781760, 0x000001cc1b781a38]
Event: 0.244 Thread 0x000001cc31f00190 nmethod 659 0x000001cc22bcd290 code [0x000001cc22bcd460, 0x000001cc22bcdd08]
Event: 0.244 Thread 0x000001cc31f08ba0  666       3       sun.invoke.util.VerifyAccess::isMemberAccessible (338 bytes)
Event: 0.245 Thread 0x000001cc31f08ba0 nmethod 666 0x000001cc1b781b10 code [0x000001cc1b782020, 0x000001cc1b784368]

GC Heap History (0 events):
No events

Deoptimization events (20 events):
Event: 0.231 Thread 0x000001cc32c71150 DEOPT PACKING pc=0x000001cc1b779d31 sp=0x000000abac3fe2c0
Event: 0.231 Thread 0x000001cc32c71150 DEOPT UNPACKING pc=0x000001cc1b11e77e sp=0x000000abac3fd750 mode 0
Event: 0.231 Thread 0x000001cc32c71150 DEOPT PACKING pc=0x000001cc1b779d31 sp=0x000000abac3fe2c0
Event: 0.231 Thread 0x000001cc32c71150 DEOPT UNPACKING pc=0x000001cc1b11e77e sp=0x000000abac3fd750 mode 0
Event: 0.231 Thread 0x000001cc32c71150 DEOPT PACKING pc=0x000001cc1b779d31 sp=0x000000abac3fe2c0
Event: 0.231 Thread 0x000001cc32c71150 DEOPT UNPACKING pc=0x000001cc1b11e77e sp=0x000000abac3fd750 mode 0
Event: 0.231 Thread 0x000001cc32c71150 DEOPT PACKING pc=0x000001cc1b779d31 sp=0x000000abac3fe2c0
Event: 0.231 Thread 0x000001cc32c71150 DEOPT UNPACKING pc=0x000001cc1b11e77e sp=0x000000abac3fd750 mode 0
Event: 0.231 Thread 0x000001cc32c71150 DEOPT PACKING pc=0x000001cc1b779d31 sp=0x000000abac3fe2c0
Event: 0.231 Thread 0x000001cc32c71150 DEOPT UNPACKING pc=0x000001cc1b11e77e sp=0x000000abac3fd750 mode 0
Event: 0.232 Thread 0x000001cc32c71150 DEOPT PACKING pc=0x000001cc1b779d31 sp=0x000000abac3fe2c0
Event: 0.232 Thread 0x000001cc32c71150 DEOPT UNPACKING pc=0x000001cc1b11e77e sp=0x000000abac3fd750 mode 0
Event: 0.232 Thread 0x000001cc32c71150 DEOPT PACKING pc=0x000001cc1b779d31 sp=0x000000abac3fe2c0
Event: 0.232 Thread 0x000001cc32c71150 DEOPT UNPACKING pc=0x000001cc1b11e77e sp=0x000000abac3fd750 mode 0
Event: 0.232 Thread 0x000001cc32c71150 DEOPT PACKING pc=0x000001cc1b779d31 sp=0x000000abac3fe2c0
Event: 0.232 Thread 0x000001cc32c71150 DEOPT UNPACKING pc=0x000001cc1b11e77e sp=0x000000abac3fd750 mode 0
Event: 0.232 Thread 0x000001cc32c71150 DEOPT PACKING pc=0x000001cc1b779d31 sp=0x000000abac3fe2c0
Event: 0.232 Thread 0x000001cc32c71150 DEOPT UNPACKING pc=0x000001cc1b11e77e sp=0x000000abac3fd750 mode 0
Event: 0.232 Thread 0x000001cc32c71150 DEOPT PACKING pc=0x000001cc1b779d31 sp=0x000000abac3fe2c0
Event: 0.232 Thread 0x000001cc32c71150 DEOPT UNPACKING pc=0x000001cc1b11e77e sp=0x000000abac3fd750 mode 0

Classes unloaded (0 events):
No events

Classes redefined (0 events):
No events

Internal exceptions (13 events):
Event: 0.041 Thread 0x000001cc12137990 Exception <a 'java/lang/NoSuchMethodError'{0x000000008c82bb60}: 'void java.lang.invoke.DirectMethodHandle$Holder.invokeSpecial(java.lang.Object, java.lang.Object, java.lang.Object)'> (0x000000008c82bb60) 
thrown [t:\workspace\open\src\hotspot\share\interpreter\linkResolver.cpp, line 790]
Event: 0.058 Thread 0x000001cc12137990 Exception <a 'java/lang/ClassNotFoundException'{0x000000008c898ee8}: sun/awt/resources/spi/awtProvider> (0x000000008c898ee8) 
thrown [t:\workspace\open\src\hotspot\share\classfile\systemDictionary.cpp, line 256]
Event: 0.072 Thread 0x000001cc12137990 Exception <a 'java/io/FileNotFoundException'{0x000000008c8f2738}> (0x000000008c8f2738) 
thrown [t:\workspace\open\src\hotspot\share\prims\jni.cpp, line 579]
Event: 0.077 Thread 0x000001cc12137990 Exception <a 'java/io/FileNotFoundException'{0x000000008c721770}> (0x000000008c721770) 
thrown [t:\workspace\open\src\hotspot\share\prims\jni.cpp, line 579]
Event: 0.077 Thread 0x000001cc12137990 Exception <a 'java/lang/NoSuchMethodError'{0x000000008c722968}: 'java.lang.Object java.lang.invoke.DirectMethodHandle$Holder.invokeStatic(java.lang.Object)'> (0x000000008c722968) 
thrown [t:\workspace\open\src\hotspot\share\interpreter\linkResolver.cpp, line 790]
Event: 0.102 Thread 0x000001cc12137990 Exception <a 'java/lang/NoSuchMethodError'{0x000000008c777e58}: 'java.lang.Object java.lang.invoke.DirectMethodHandle$Holder.invokeStaticInit(java.lang.Object)'> (0x000000008c777e58) 
thrown [t:\workspace\open\src\hotspot\share\interpreter\linkResolver.cpp, line 790]
Event: 0.131 Thread 0x000001cc12137990 Exception <a 'java/lang/NoSuchMethodError'{0x000000008c7e9118}: 'java.lang.Object java.lang.invoke.DirectMethodHandle$Holder.newInvokeSpecial(java.lang.Object, java.lang.Object, java.lang.Object, java.lang.Object, java.lang.Object)'> (0x000000008c7e9118) 
thrown [t:\workspace\open\src\hotspot\share\interpreter\linkResolver.cpp, line 790]
Event: 0.132 Thread 0x000001cc12137990 Exception <a 'java/lang/NoSuchMethodError'{0x000000008c608cb0}: 'java.lang.Object java.lang.invoke.DirectMethodHandle$Holder.invokeStatic(java.lang.Object, int, java.lang.Object, java.lang.Object, java.lang.Object, java.lang.Object)'> (0x000000008c608cb0) 
thrown [t:\workspace\open\src\hotspot\share\interpreter\linkResolver.cpp, line 790]
Event: 0.135 Thread 0x000001cc12137990 Exception <a 'java/lang/NoSuchMethodError'{0x000000008c62ed78}: 'java.lang.Object java.lang.invoke.DirectMethodHandle$Holder.invokeStatic(java.lang.Object, int, java.lang.Object)'> (0x000000008c62ed78) 
thrown [t:\workspace\open\src\hotspot\share\interpreter\linkResolver.cpp, line 790]
Event: 0.150 Thread 0x000001cc12137990 Exception <a 'java/lang/ClassNotFoundException'{0x000000008c6e6be8}: com/sun/swing/internal/plaf/metal/resources/spi/metalProvider> (0x000000008c6e6be8) 
thrown [t:\workspace\open\src\hotspot\share\classfile\systemDictionary.cpp, line 256]
Event: 0.151 Thread 0x000001cc12137990 Exception <a 'java/lang/ClassNotFoundException'{0x000000008c6eac80}: com/sun/swing/internal/plaf/basic/resources/spi/basicProvider> (0x000000008c6eac80) 
thrown [t:\workspace\open\src\hotspot\share\classfile\systemDictionary.cpp, line 256]
Event: 0.194 Thread 0x000001cc32c71150 Exception <a 'java/lang/NoSuchMethodError'{0x000000008c4f1c30}: 'java.lang.Object java.lang.invoke.DirectMethodHandle$Holder.newInvokeSpecial(java.lang.Object, java.lang.Object, java.lang.Object, int, int, int, int, int)'> (0x000000008c4f1c30) 
thrown [t:\workspace\open\src\hotspot\share\interpreter\linkResolver.cpp, line 790]
Event: 0.242 Thread 0x000001cc32be2480 Exception <a 'java/lang/NoSuchMethodError'{0x000000008c7fc588}: 'void java.lang.invoke.DirectMethodHandle$Holder.invokeVirtual(java.lang.Object, java.lang.Object)'> (0x000000008c7fc588) 
thrown [t:\workspace\open\src\hotspot\share\interpreter\linkResolver.cpp, line 790]

Events (20 events):
Event: 0.245 loading class sun/java2d/windows/GDIBlitLoops done
Event: 0.245 loading class sun/java2d/loops/GraphicsPrimitiveMgr
Event: 0.245 loading class sun/java2d/loops/GraphicsPrimitiveMgr done
Event: 0.245 loading class sun/java2d/loops/CompositeType
Event: 0.245 loading class sun/java2d/loops/CompositeType done
Event: 0.245 loading class sun/java2d/SunGraphics2D
Event: 0.245 loading class sun/awt/ConstrainableGraphics
Event: 0.245 loading class sun/awt/ConstrainableGraphics done
Event: 0.245 loading class java/awt/Graphics2D
Event: 0.245 loading class java/awt/Graphics2D done
Event: 0.246 loading class sun/java2d/SunGraphics2D done
Event: 0.246 loading class java/awt/AlphaComposite
Event: 0.246 loading class java/awt/AlphaComposite done
Event: 0.246 loading class java/awt/geom/Path2D
Event: 0.246 loading class java/awt/geom/Path2D done
Event: 0.246 loading class java/awt/geom/Path2D$Float
Event: 0.246 loading class java/awt/geom/Path2D$Float done
Event: 0.246 loading class sun/java2d/loops/BlitBg
Event: 0.246 loading class sun/java2d/loops/BlitBg done
Event: 0.246 loading class sun/java2d/loops/ScaledBlit


Dynamic libraries:
0x00007ff7b70c0000 - 0x00007ff7b70d0000 	C:\Program Files\Java\jdk-16.0.2\bin\javaw.exe
0x00007ffcb8a10000 - 0x00007ffcb8c05000 	C:\Windows\SYSTEM32\ntdll.dll
0x00007ffcb81d0000 - 0x00007ffcb828e000 	C:\Windows\System32\KERNEL32.DLL
0x00007ffcb6300000 - 0x00007ffcb65c9000 	C:\Windows\System32\KERNELBASE.dll
0x00007ffcb6960000 - 0x00007ffcb6a60000 	C:\Windows\System32\ucrtbase.dll
0x00007ffca6850000 - 0x00007ffca6868000 	C:\Program Files\Java\jdk-16.0.2\bin\jli.dll
0x00007ffca6830000 - 0x00007ffca6849000 	C:\Program Files\Java\jdk-16.0.2\bin\VCRUNTIME140.dll
0x00007ffcb7e50000 - 0x00007ffcb7efc000 	C:\Windows\System32\ADVAPI32.dll
0x00007ffcb73a0000 - 0x00007ffcb743e000 	C:\Windows\System32\msvcrt.dll
0x00007ffcb7980000 - 0x00007ffcb7a1b000 	C:\Windows\System32\sechost.dll
0x00007ffcb7d20000 - 0x00007ffcb7e4a000 	C:\Windows\System32\RPCRT4.dll
0x00007ffcb7f60000 - 0x00007ffcb8101000 	C:\Windows\System32\USER32.dll
0x00007ffcb6630000 - 0x00007ffcb6652000 	C:\Windows\System32\win32u.dll
0x00007ffcb6a60000 - 0x00007ffcb6a8b000 	C:\Windows\System32\GDI32.dll
0x00007ffca0390000 - 0x00007ffca062a000 	C:\Windows\WinSxS\amd64_microsoft.windows.common-controls_6595b64144ccf1df_6.0.19041.1110_none_60b5254171f9507e\COMCTL32.dll
0x00007ffcb6850000 - 0x00007ffcb695b000 	C:\Windows\System32\gdi32full.dll
0x00007ffcb6180000 - 0x00007ffcb621d000 	C:\Windows\System32\msvcp_win.dll
0x00007ffca6e20000 - 0x00007ffca6e2a000 	C:\Windows\SYSTEM32\VERSION.dll
0x00007ffcb7440000 - 0x00007ffcb7470000 	C:\Windows\System32\IMM32.DLL
0x00007ffcad620000 - 0x00007ffcad62c000 	C:\Program Files\Java\jdk-16.0.2\bin\vcruntime140_1.dll
0x00007ffc65f30000 - 0x00007ffc65fc1000 	C:\Program Files\Java\jdk-16.0.2\bin\msvcp140.dll
0x00007ffc6cf90000 - 0x00007ffc6db3b000 	C:\Program Files\Java\jdk-16.0.2\bin\server\jvm.dll
0x00007ffcb6f10000 - 0x00007ffcb6f18000 	C:\Windows\System32\PSAPI.DLL
0x00007ffc9f250000 - 0x00007ffc9f277000 	C:\Windows\SYSTEM32\WINMM.dll
0x00007ffcb16b0000 - 0x00007ffcb16b9000 	C:\Windows\SYSTEM32\WSOCK32.dll
0x00007ffcb7280000 - 0x00007ffcb72eb000 	C:\Windows\System32\WS2_32.dll
0x00007ffcb49b0000 - 0x00007ffcb49c2000 	C:\Windows\SYSTEM32\kernel.appcore.dll
0x00007ffcb16a0000 - 0x00007ffcb16aa000 	C:\Program Files\Java\jdk-16.0.2\bin\jimage.dll
0x00007ffcb3e00000 - 0x00007ffcb3fe4000 	C:\Windows\SYSTEM32\DBGHELP.DLL
0x00007ffc988b0000 - 0x00007ffc988dc000 	C:\Windows\SYSTEM32\dbgcore.DLL
0x00007ffcb6660000 - 0x00007ffcb66e3000 	C:\Windows\System32\bcryptPrimitives.dll
0x00007ffc9fd10000 - 0x00007ffc9fd35000 	C:\Program Files\Java\jdk-16.0.2\bin\java.dll
0x00007ffcb8290000 - 0x00007ffcb89cf000 	C:\Windows\System32\SHELL32.dll
0x00007ffcb4210000 - 0x00007ffcb49a0000 	C:\Windows\SYSTEM32\windows.storage.dll
0x00007ffcb6f20000 - 0x00007ffcb7275000 	C:\Windows\System32\combase.dll
0x00007ffcb5b80000 - 0x00007ffcb5bac000 	C:\Windows\SYSTEM32\Wldp.dll
0x00007ffcb72f0000 - 0x00007ffcb739d000 	C:\Windows\System32\SHCORE.dll
0x00007ffcb8170000 - 0x00007ffcb81c5000 	C:\Windows\System32\shlwapi.dll
0x00007ffcb6070000 - 0x00007ffcb608f000 	C:\Windows\SYSTEM32\profapi.dll
0x00007ffca1eb0000 - 0x00007ffca1ec9000 	C:\Program Files\Java\jdk-16.0.2\bin\net.dll
0x00007ffcb0500000 - 0x00007ffcb0608000 	C:\Windows\SYSTEM32\WINHTTP.dll
0x00007ffcb5870000 - 0x00007ffcb58da000 	C:\Windows\system32\mswsock.dll
0x00007ffc9fb40000 - 0x00007ffc9fb53000 	C:\Program Files\Java\jdk-16.0.2\bin\nio.dll
0x00007ffc9fb00000 - 0x00007ffc9fb18000 	C:\Program Files\Java\jdk-16.0.2\bin\zip.dll
0x00007ffc5d5b0000 - 0x00007ffc5d730000 	C:\Program Files\Java\jdk-16.0.2\bin\awt.dll
0x00007ffcb7a30000 - 0x00007ffcb7afd000 	C:\Windows\System32\OLEAUT32.dll
0x00007ffcb3550000 - 0x00007ffcb35e0000 	C:\Windows\SYSTEM32\apphelp.dll
0x00007ffcb3870000 - 0x00007ffcb389f000 	C:\Windows\system32\DWMAPI.DLL
0x00007ffcb3680000 - 0x00007ffcb371e000 	C:\Windows\system32\uxtheme.dll
0x00007ffc8cd30000 - 0x00007ffc8ce55000 	C:\Windows\system32\opengl32.dll
0x00007ffc9f870000 - 0x00007ffc9f89c000 	C:\Windows\SYSTEM32\GLU32.dll
0x00007ffcb7b80000 - 0x00007ffcb7c95000 	C:\Windows\System32\MSCTF.dll
0x00007ffcb6de0000 - 0x00007ffcb6f0a000 	C:\Windows\System32\ole32.dll
0x00007ffc76850000 - 0x00007ffc7687d000 	C:\Program Files\Java\jdk-16.0.2\bin\javajpeg.dll

dbghelp: loaded successfully - version: 4.0.5 - missing functions: none
symbol engine: initialized successfully - sym options: 0x614 - pdb path: .;C:\Program Files\Java\jdk-16.0.2\bin;C:\Windows\SYSTEM32;C:\Windows\WinSxS\amd64_microsoft.windows.common-controls_6595b64144ccf1df_6.0.19041.1110_none_60b5254171f9507e;C:\Program Files\Java\jdk-16.0.2\bin\server

VM Arguments:
jvm_args: -Dfile.encoding=Cp1252 -XX:+ShowCodeDetailsInExceptionMessages 
java_command: parking.lot.management.system.Dashboard
java_class_path (initial): C:\Users\Shifa\eclipse-workspace\Parking Lot Management System\bin;C:\Users\Shifa\Downloads\mysql-connector-java-8.0.26.zip;C:\Users\Shifa\Downloads\mysql-connector-java-8.0.26\mysql-connector-java-8.0.26\mysql-connector-java-8.0.26.jar
Launcher Type: SUN_STANDARD

[Global flags]
     intx CICompilerCount                          = 4                                         {product} {ergonomic}
     uint ConcGCThreads                            = 2                                         {product} {ergonomic}
     uint G1ConcRefinementThreads                  = 8                                         {product} {ergonomic}
   size_t G1HeapRegionSize                         = 1048576                                   {product} {ergonomic}
    uintx GCDrainStackTargetSize                   = 64                                        {product} {ergonomic}
   size_t InitialHeapSize                          = 130023424                                 {product} {ergonomic}
   size_t MarkStackSize                            = 4194304                                   {product} {ergonomic}
   size_t MaxHeapSize                              = 2065694720                                {product} {ergonomic}
   size_t MaxNewSize                               = 1239416832                                {product} {ergonomic}
   size_t MinHeapDeltaBytes                        = 1048576                                   {product} {ergonomic}
   size_t MinHeapSize                              = 8388608                                   {product} {ergonomic}
    uintx NonNMethodCodeHeapSize                   = 5839372                                {pd product} {ergonomic}
    uintx NonProfiledCodeHeapSize                  = 122909434                              {pd product} {ergonomic}
    uintx ProfiledCodeHeapSize                     = 122909434                              {pd product} {ergonomic}
    uintx ReservedCodeCacheSize                    = 251658240                              {pd product} {ergonomic}
     bool SegmentedCodeCache                       = true                                      {product} {ergonomic}
     bool ShowCodeDetailsInExceptionMessages       = true                                   {manageable} {command line}
   size_t SoftMaxHeapSize                          = 2065694720                             {manageable} {ergonomic}
     bool UseCompressedClassPointers               = true                           {product lp64_product} {ergonomic}
     bool UseCompressedOops                        = true                           {product lp64_product} {ergonomic}
     bool UseG1GC                                  = true                                      {product} {ergonomic}
     bool UseLargePagesIndividualAllocation        = false                                  {pd product} {ergonomic}

Logging:
Log output configuration:
 #0: stdout all=warning uptime,level,tags
 #1: stderr all=off uptime,level,tags

Environment Variables:
JAVA_HOME=C:\Program Files\Java\jdk-16.0.2
PATH=C:/Program Files/Java/jdk-16.0.2/bin/server;C:/Program Files/Java/jdk-16.0.2/bin;C:\Program Files\Common Files\Oracle\Java\javapath;C:\Windows\system32;C:\Windows;C:\Windows\System32\Wbem;C:\Windows\System32\WindowsPowerShell\v1.0\;C:\Windows\System32\OpenSSH\;C:\Program Files\dotnet\;C:\Program Files\Java\jdk-16.0.2\bin;C:\Program Files\Git\cmd;C:\Program Files\MySQL\MySQL Shell 8.0\bin\;C:\Users\Shifa;C:\Users\Shifa\AppData\Local\Programs\Microsoft VS Code\bin;C:\Users\Shifa\OneDrive\Desktop\mingw32\bin;;C:\Users\Shifa\OneDrive\Desktop;
USERNAME=Shifa
OS=Windows_NT
PROCESSOR_IDENTIFIER=Intel64 Family 6 Model 140 Stepping 1, GenuineIntel



---------------  S Y S T E M  ---------------

OS:
 Windows 10 , 64 bit Build 19041 (10.0.19041.1202)
OS uptime: 4 days 6:04 hours

CPU: total 8 (initial active 8) (4 cores per cpu, 2 threads per core) family 6 model 140 stepping 1 microcode 0x60, cx8, cmov, fxsr, ht, mmx, 3dnowpref, sse, sse2, sse3, ssse3, sse4.1, sse4.2, popcnt, lzcnt, tsc, tscinvbit, avx, avx2, aes, erms, clmul, bmi1, bmi2, adx, avx512f, avx512dq, avx512cd, avx512bw, avx512vl, sha, fma, vzeroupper, avx512_vpopcntdq, avx512_vpclmulqdq, avx512_vaes, avx512_vnni, clflush, clflushopt, clwb, avx512_vmbi2, avx512_vmbi

Memory: 4k page, system-wide physical 7874M (961M free)
TotalPageFile size 32450M (AvailPageFile size 4M)
current process WorkingSet (physical memory assigned to process): 68M, peak: 68M
current process commit charge ("private bytes"): 214M, peak: 215M

vm_info: Java HotSpot(TM) 64-Bit Server VM (16.0.2+7-67) for windows-amd64 JRE (16.0.2+7-67), built on Jun  8 2021 23:24:19 by "mach5one" with MS VC++ 16.7 (VS2019)

END.
